#
# There is insufficient memory for the Java Runtime Environment to continue.
# Native memory allocation (malloc) failed to allocate 1058416 bytes for Chunk::new
# Possible reasons:
#   The system is out of physical RAM or swap space
#   In 32 bit mode, the process size limit was hit
# Possible solutions:
#   Reduce memory load on the system
#   Increase physical memory or swap space
#   Check if swap backing store is full
#   Use 64 bit Java on a 64 bit OS
#   Decrease Java heap size (-Xmx/-Xms)
#   Decrease number of Java threads
#   Decrease Java thread stack sizes (-Xss)
#   Set larger code cache with -XX:ReservedCodeCacheSize=
# This output file may be truncated or incomplete.
#
#  Out of Memory Error (allocation.cpp:390), pid=7356, tid=0x000000000000199c
#
# JRE version: OpenJDK Runtime Environment (8.0_152-b02) (build 1.8.0_152-release-1024-b02)
# Java VM: OpenJDK 64-Bit Server VM (25.152-b02 mixed mode windows-amd64 compressed oops)
# Failed to write core dump. Minidumps are not enabled by default on client versions of Windows
#

---------------  T H R E A D  ---------------

Current thread (0x00000000188cd800):  JavaThread "C2 CompilerThread1" daemon [_thread_in_native, id=6556, stack(0x000000001b000000,0x000000001b100000)]

Stack: [0x000000001b000000,0x000000001b100000]
[error occurred during error reporting (printing stack bounds), id 0xc0000005]

Native frames: (J=compiled Java code, j=interpreted, Vv=VM code, C=native code)


Current CompileTask:
C2:3145710 22262   !   4       java.nio.file.FileTreeWalker::visit (204 bytes)


---------------  P R O C E S S  ---------------

Java Threads: ( => current thread )
  0x000000001d0ab000 JavaThread "Cache update executor" [_thread_blocked, id=5040, stack(0x00000000443e0000,0x00000000444e0000)]
  0x000000001d0a3800 JavaThread "Stdin handler" [_thread_blocked, id=1784, stack(0x00000000442e0000,0x00000000443e0000)]
  0x000000001d0aa000 JavaThread "Asynchronous log dispatcher for DefaultDaemonConnection: socket connection from /127.0.0.1:50653 to /127.0.0.1:53214" [_thread_blocked, id=1740, stack(0x00000000441e0000,0x00000000442e0000)]
  0x000000001d0a9800 JavaThread "Daemon worker Thread 7" [_thread_in_native, id=6508, stack(0x00000000440e0000,0x00000000441e0000)]
  0x000000001d0a8800 JavaThread "Cancel handler" [_thread_blocked, id=5624, stack(0x0000000043fe0000,0x00000000440e0000)]
  0x000000001d0a5800 JavaThread "Handler for socket connection from /127.0.0.1:50653 to /127.0.0.1:53214" [_thread_in_native, id=9576, stack(0x0000000043ee0000,0x0000000043fe0000)]
  0x000000001d0a8000 JavaThread "Daemon Thread 7" [_thread_blocked, id=6920, stack(0x0000000043de0000,0x0000000043ee0000)]
  0x000000001c3f4800 JavaThread "pool-9-thread-4" [_thread_blocked, id=7740, stack(0x000000002b2e0000,0x000000002b3e0000)]
  0x000000001d0a7000 JavaThread "pool-9-thread-3" [_thread_blocked, id=9984, stack(0x000000002b1e0000,0x000000002b2e0000)]
  0x000000001d0ac800 JavaThread "pool-9-thread-1" [_thread_blocked, id=7040, stack(0x000000002b0e0000,0x000000002b1e0000)]
  0x000000001d0ab800 JavaThread "pool-9-thread-2" [_thread_blocked, id=8316, stack(0x000000002afe0000,0x000000002b0e0000)]
  0x000000001c9b1800 JavaThread "File lock request listener" [_thread_in_native, id=4024, stack(0x000000001ec50000,0x000000001ed50000)]
  0x000000001c10a800 JavaThread "pool-1-thread-1" [_thread_blocked, id=6004, stack(0x000000001e250000,0x000000001e350000)]
  0x000000001c421000 JavaThread "Incoming local TCP Connector on port 50653" [_thread_in_native, id=5440, stack(0x000000001dea0000,0x000000001dfa0000)]
  0x000000001a8bd000 JavaThread "Service Thread" daemon [_thread_blocked, id=8188, stack(0x000000001b300000,0x000000001b400000)]
  0x000000001a835800 JavaThread "C1 CompilerThread3" daemon [_thread_blocked, id=7604, stack(0x000000001b200000,0x000000001b300000)]
  0x000000001a831800 JavaThread "C2 CompilerThread2" daemon [_thread_in_native, id=2932, stack(0x000000001b100000,0x000000001b200000)]
=>0x00000000188cd800 JavaThread "C2 CompilerThread1" daemon [_thread_in_native, id=6556, stack(0x000000001b000000,0x000000001b100000)]
  0x000000001a7db800 JavaThread "C2 CompilerThread0" daemon [_thread_in_native, id=4844, stack(0x000000001af00000,0x000000001b000000)]
  0x000000001a7da000 JavaThread "Attach Listener" daemon [_thread_blocked, id=9540, stack(0x000000001ae00000,0x000000001af00000)]
  0x000000001a830000 JavaThread "Signal Dispatcher" daemon [_thread_blocked, id=7828, stack(0x000000001ad00000,0x000000001ae00000)]
  0x0000000004afe000 JavaThread "Finalizer" daemon [_thread_blocked, id=9288, stack(0x000000001aba0000,0x000000001aca0000)]
  0x0000000004af7000 JavaThread "Reference Handler" daemon [_thread_blocked, id=3816, stack(0x000000001a6a0000,0x000000001a7a0000)]
  0x00000000049fd800 JavaThread "main" [_thread_blocked, id=9876, stack(0x00000000048d0000,0x00000000049d0000)]

Other Threads:
  0x00000000188b5800 VMThread [stack: 0x000000001a5a0000,0x000000001a6a0000] [id=5620]
  0x000000001a8be000 WatcherThread [stack: 0x000000001b400000,0x000000001b500000] [id=8868]

VM state:not at safepoint (normal execution)

VM Mutex/Monitor currently owned by a thread: None

Heap:
 PSYoungGen      total 436736K, used 18270K [0x00000000e0000000, 0x00000000ffe00000, 0x0000000100000000)
  eden space 353280K, 2% used [0x00000000e0000000,0x00000000e09fb3c8,0x00000000f5900000)
  from space 83456K, 9% used [0x00000000fac80000,0x00000000fb45c6a0,0x00000000ffe00000)
  to   space 84480K, 0% used [0x00000000f5900000,0x00000000f5900000,0x00000000fab80000)
 ParOldGen       total 276480K, used 217263K [0x00000000a0000000, 0x00000000b0e00000, 0x00000000e0000000)
  object space 276480K, 78% used [0x00000000a0000000,0x00000000ad42bc88,0x00000000b0e00000)
 Metaspace       used 83871K, capacity 87850K, committed 87936K, reserved 1126400K
  class space    used 10318K, capacity 11073K, committed 11136K, reserved 1048576K

Card table byte_map: [0x0000000013ec0000,0x00000000141d0000] byte_map_base: 0x00000000139c0000

Marking Bits: (ParMarkBitMap*) 0x00000000655e4970
 Begin Bits: [0x0000000014bd0000, 0x00000000163d0000)
 End Bits:   [0x00000000163d0000, 0x0000000017bd0000)

Polling page: 0x0000000002d40000

CodeCache: size=245760Kb used=60573Kb max_used=60584Kb free=185186Kb
 bounds [0x0000000004b00000, 0x0000000008690000, 0x0000000013b00000]
 total_blobs=18496 nmethods=17645 adapters=762
 compilation: enabled

Compilation events (10 events):
Event: 3145.392 Thread 0x000000001a7db800 22293   !   4       java.nio.charset.CharsetEncoder::encode (285 bytes)
Event: 3145.393 Thread 0x000000001a831800 22294       4       com.android.apkzlib.zip.StoredEntry::getInFileSize (43 bytes)
Event: 3145.395 Thread 0x000000001a7db800 nmethod 22293 0x0000000008680bd0 code [0x0000000008680d20, 0x0000000008680ef8]
Event: 3145.405 Thread 0x000000001a7db800 22295       4       java.nio.StringCharBuffer::<init> (56 bytes)
Event: 3145.405 Thread 0x000000001a831800 nmethod 22294 0x00000000086832d0 code [0x0000000008683520, 0x0000000008683f70]
Event: 3145.405 Thread 0x000000001a831800 22296       4       com.android.apkzlib.zip.FileUseMap::add (50 bytes)
Event: 3145.407 Thread 0x000000001a835800 22298       3       com.google.common.collect.Maps$AbstractFilteredMap::<init> (15 bytes)
Event: 3145.407 Thread 0x000000001a835800 nmethod 22298 0x0000000008681890 code [0x0000000008681a00, 0x0000000008681c90]
Event: 3145.408 Thread 0x000000001a7db800 nmethod 22295 0x000000000867e990 code [0x000000000867eae0, 0x000000000867ed78]
Event: 3145.408 Thread 0x000000001a7db800 22297       4       com.android.apkzlib.zip.FileUseMap::add (131 bytes)

GC Heap History (10 events):
Event: 1129.137 GC heap before
{Heap before GC invocations=50 (full 4):
 PSYoungGen      total 415744K, used 362534K [0x00000000e0000000, 0x00000000ffb00000, 0x0000000100000000)
  eden space 320512K, 100% used [0x00000000e0000000,0x00000000f3900000,0x00000000f3900000)
  from space 95232K, 44% used [0x00000000f3900000,0x00000000f6209920,0x00000000f9600000)
  to   space 90112K, 0% used [0x00000000fa300000,0x00000000fa300000,0x00000000ffb00000)
 ParOldGen       total 276480K, used 157705K [0x00000000a0000000, 0x00000000b0e00000, 0x00000000e0000000)
  object space 276480K, 57% used [0x00000000a0000000,0x00000000a9a02618,0x00000000b0e00000)
 Metaspace       used 81778K, capacity 84928K, committed 85376K, reserved 1124352K
  class space    used 10135K, capacity 10786K, committed 10880K, reserved 1048576K
Event: 1129.198 GC heap after
Heap after GC invocations=50 (full 4):
 PSYoungGen      total 419840K, used 40189K [0x00000000e0000000, 0x00000000ff200000, 0x0000000100000000)
  eden space 338944K, 0% used [0x00000000e0000000,0x00000000e0000000,0x00000000f4b00000)
  from space 80896K, 49% used [0x00000000fa300000,0x00000000fca3f498,0x00000000ff200000)
  to   space 85504K, 0% used [0x00000000f4b00000,0x00000000f4b00000,0x00000000f9e80000)
 ParOldGen       total 276480K, used 183777K [0x00000000a0000000, 0x00000000b0e00000, 0x00000000e0000000)
  object space 276480K, 66% used [0x00000000a0000000,0x00000000ab3786c8,0x00000000b0e00000)
 Metaspace       used 81778K, capacity 84928K, committed 85376K, reserved 1124352K
  class space    used 10135K, capacity 10786K, committed 10880K, reserved 1048576K
}
Event: 1129.634 GC heap before
{Heap before GC invocations=51 (full 4):
 PSYoungGen      total 419840K, used 379133K [0x00000000e0000000, 0x00000000ff200000, 0x0000000100000000)
  eden space 338944K, 100% used [0x00000000e0000000,0x00000000f4b00000,0x00000000f4b00000)
  from space 80896K, 49% used [0x00000000fa300000,0x00000000fca3f498,0x00000000ff200000)
  to   space 85504K, 0% used [0x00000000f4b00000,0x00000000f4b00000,0x00000000f9e80000)
 ParOldGen       total 276480K, used 183787K [0x00000000a0000000, 0x00000000b0e00000, 0x00000000e0000000)
  object space 276480K, 66% used [0x00000000a0000000,0x00000000ab37ad20,0x00000000b0e00000)
 Metaspace       used 81784K, capacity 84928K, committed 85376K, reserved 1124352K
  class space    used 10135K, capacity 10786K, committed 10880K, reserved 1048576K
Event: 1129.681 GC heap after
Heap after GC invocations=51 (full 4):
 PSYoungGen      total 424448K, used 20749K [0x00000000e0000000, 0x0000000100000000, 0x0000000100000000)
  eden space 338944K, 0% used [0x00000000e0000000,0x00000000e0000000,0x00000000f4b00000)
  from space 85504K, 24% used [0x00000000f4b00000,0x00000000f5f43408,0x00000000f9e80000)
  to   space 84480K, 0% used [0x00000000fad80000,0x00000000fad80000,0x0000000100000000)
 ParOldGen       total 276480K, used 208106K [0x00000000a0000000, 0x00000000b0e00000, 0x00000000e0000000)
  object space 276480K, 75% used [0x00000000a0000000,0x00000000acb3a8a8,0x00000000b0e00000)
 Metaspace       used 81784K, capacity 84928K, committed 85376K, reserved 1124352K
  class space    used 10135K, capacity 10786K, committed 10880K, reserved 1048576K
}
Event: 1130.539 GC heap before
{Heap before GC invocations=52 (full 4):
 PSYoungGen      total 424448K, used 358670K [0x00000000e0000000, 0x0000000100000000, 0x0000000100000000)
  eden space 338944K, 99% used [0x00000000e0000000,0x00000000f4a00428,0x00000000f4b00000)
  from space 85504K, 24% used [0x00000000f4b00000,0x00000000f5f43408,0x00000000f9e80000)
  to   space 84480K, 0% used [0x00000000fad80000,0x00000000fad80000,0x0000000100000000)
 ParOldGen       total 276480K, used 208106K [0x00000000a0000000, 0x00000000b0e00000, 0x00000000e0000000)
  object space 276480K, 75% used [0x00000000a0000000,0x00000000acb3a8a8,0x00000000b0e00000)
 Metaspace       used 82363K, capacity 85594K, committed 86016K, reserved 1124352K
  class space    used 10189K, capacity 10855K, committed 11008K, reserved 1048576K
Event: 1130.552 GC heap after
Heap after GC invocations=52 (full 4):
 PSYoungGen      total 437760K, used 6985K [0x00000000e0000000, 0x0000000100000000, 0x0000000100000000)
  eden space 353280K, 0% used [0x00000000e0000000,0x00000000e0000000,0x00000000f5900000)
  from space 84480K, 8% used [0x00000000fad80000,0x00000000fb452780,0x0000000100000000)
  to   space 85504K, 0% used [0x00000000f5900000,0x00000000f5900000,0x00000000fac80000)
 ParOldGen       total 276480K, used 216199K [0x00000000a0000000, 0x00000000b0e00000, 0x00000000e0000000)
  object space 276480K, 78% used [0x00000000a0000000,0x00000000ad321f58,0x00000000b0e00000)
 Metaspace       used 82363K, capacity 85594K, committed 86016K, reserved 1124352K
  class space    used 10189K, capacity 10855K, committed 11008K, reserved 1048576K
}
Event: 2496.289 GC heap before
{Heap before GC invocations=53 (full 4):
 PSYoungGen      total 437760K, used 360265K [0x00000000e0000000, 0x0000000100000000, 0x0000000100000000)
  eden space 353280K, 100% used [0x00000000e0000000,0x00000000f5900000,0x00000000f5900000)
  from space 84480K, 8% used [0x00000000fad80000,0x00000000fb452780,0x0000000100000000)
  to   space 85504K, 0% used [0x00000000f5900000,0x00000000f5900000,0x00000000fac80000)
 ParOldGen       total 276480K, used 216199K [0x00000000a0000000, 0x00000000b0e00000, 0x00000000e0000000)
  object space 276480K, 78% used [0x00000000a0000000,0x00000000ad321f58,0x00000000b0e00000)
 Metaspace       used 82975K, capacity 86340K, committed 86528K, reserved 1124352K
  class space    used 10235K, capacity 10924K, committed 11008K, reserved 1048576K
Event: 2496.297 GC heap after
Heap after GC invocations=53 (full 4):
 PSYoungGen      total 438784K, used 7008K [0x00000000e0000000, 0x0000000100000000, 0x0000000100000000)
  eden space 353280K, 0% used [0x00000000e0000000,0x00000000e0000000,0x00000000f5900000)
  from space 85504K, 8% used [0x00000000f5900000,0x00000000f5fd8020,0x00000000fac80000)
  to   space 85504K, 0% used [0x00000000fac80000,0x00000000fac80000,0x0000000100000000)
 ParOldGen       total 276480K, used 216847K [0x00000000a0000000, 0x00000000b0e00000, 0x00000000e0000000)
  object space 276480K, 78% used [0x00000000a0000000,0x00000000ad3c3c58,0x00000000b0e00000)
 Metaspace       used 82975K, capacity 86340K, committed 86528K, reserved 1124352K
  class space    used 10235K, capacity 10924K, committed 11008K, reserved 1048576K
}
Event: 3145.346 GC heap before
{Heap before GC invocations=54 (full 4):
 PSYoungGen      total 438784K, used 360288K [0x00000000e0000000, 0x0000000100000000, 0x0000000100000000)
  eden space 353280K, 100% used [0x00000000e0000000,0x00000000f5900000,0x00000000f5900000)
  from space 85504K, 8% used [0x00000000f5900000,0x00000000f5fd8020,0x00000000fac80000)
  to   space 85504K, 0% used [0x00000000fac80000,0x00000000fac80000,0x0000000100000000)
 ParOldGen       total 276480K, used 216847K [0x00000000a0000000, 0x00000000b0e00000, 0x00000000e0000000)
  object space 276480K, 78% used [0x00000000a0000000,0x00000000ad3c3c58,0x00000000b0e00000)
 Metaspace       used 83829K, capacity 87782K, committed 87936K, reserved 1126400K
  class space    used 10316K, capacity 11071K, committed 11136K, reserved 1048576K
Event: 3145.354 GC heap after
Heap after GC invocations=54 (full 4):
 PSYoungGen      total 436736K, used 8049K [0x00000000e0000000, 0x00000000ffe00000, 0x0000000100000000)
  eden space 353280K, 0% used [0x00000000e0000000,0x00000000e0000000,0x00000000f5900000)
  from space 83456K, 9% used [0x00000000fac80000,0x00000000fb45c6a0,0x00000000ffe00000)
  to   space 84480K, 0% used [0x00000000f5900000,0x00000000f5900000,0x00000000fab80000)
 ParOldGen       total 276480K, used 217263K [0x00000000a0000000, 0x00000000b0e00000, 0x00000000e0000000)
  object space 276480K, 78% used [0x00000000a0000000,0x00000000ad42bc88,0x00000000b0e00000)
 Metaspace       used 83829K, capacity 87782K, committed 87936K, reserved 1126400K
  class space    used 10316K, capacity 11071K, committed 11136K, reserved 1048576K
}

Deoptimization events (10 events):
Event: 3142.624 Thread 0x000000001d0a9800 Uncommon trap: reason=class_check action=maybe_recompile pc=0x000000000690e8b0 method=com.sun.org.apache.xerces.internal.dom.AttrImpl.getValue()Ljava/lang/String; @ 19
Event: 3142.624 Thread 0x000000001d0a9800 Uncommon trap: reason=class_check action=maybe_recompile pc=0x000000000690e8b0 method=com.sun.org.apache.xerces.internal.dom.AttrImpl.getValue()Ljava/lang/String; @ 19
Event: 3142.624 Thread 0x000000001d0a9800 Uncommon trap: reason=unstable_if action=reinterpret pc=0x000000000600b4b4 method=java.lang.Long.parseLong(Ljava/lang/String;I)J @ 124
Event: 3142.624 Thread 0x000000001d0a9800 Uncommon trap: reason=class_check action=maybe_recompile pc=0x00000000066e15f0 method=com.sun.org.apache.xerces.internal.dom.AttrImpl.getValue()Ljava/lang/String; @ 19
Event: 3142.624 Thread 0x000000001d0a9800 Uncommon trap: reason=class_check action=maybe_recompile pc=0x00000000066e15f0 method=com.sun.org.apache.xerces.internal.dom.AttrImpl.getValue()Ljava/lang/String; @ 19
Event: 3142.624 Thread 0x000000001d0a9800 Uncommon trap: reason=class_check action=maybe_recompile pc=0x000000000690e8b0 method=com.sun.org.apache.xerces.internal.dom.AttrImpl.getValue()Ljava/lang/String; @ 19
Event: 3142.749 Thread 0x000000001d0a9800 Uncommon trap: reason=speculate_class_check action=maybe_recompile pc=0x0000000005e99b74 method=com.android.utils.PositionXmlParser.getPositionHelper(Lorg/w3c/dom/Node;II)Lcom/android/utils/PositionXmlParser$Position; @ 110
Event: 3142.749 Thread 0x000000001d0a9800 Uncommon trap: reason=speculate_class_check action=maybe_recompile pc=0x0000000005e99b74 method=com.android.utils.PositionXmlParser.getPositionHelper(Lorg/w3c/dom/Node;II)Lcom/android/utils/PositionXmlParser$Position; @ 110
Event: 3142.749 Thread 0x000000001d0a9800 Uncommon trap: reason=speculate_class_check action=maybe_recompile pc=0x0000000005e99b74 method=com.android.utils.PositionXmlParser.getPositionHelper(Lorg/w3c/dom/Node;II)Lcom/android/utils/PositionXmlParser$Position; @ 110
Event: 3142.749 Thread 0x000000001d0a9800 Uncommon trap: reason=speculate_class_check action=maybe_recompile pc=0x0000000005e99b74 method=com.android.utils.PositionXmlParser.getPositionHelper(Lorg/w3c/dom/Node;II)Lcom/android/utils/PositionXmlParser$Position; @ 110

Classes redefined (0 events):
No events

Internal exceptions (10 events):
Event: 3007.985 Thread 0x000000001d0a9800 Exception <a 'sun/nio/fs/WindowsException'> (0x00000000ec889280) thrown at [D:\src\AOSP-openjdk-cygwin\jdk8u\hotspot\src\share\vm\prims\jni.cpp, line 709]
Event: 3007.985 Thread 0x000000001d0a9800 Exception <a 'sun/nio/fs/WindowsException'> (0x00000000ec88c7e0) thrown at [D:\src\AOSP-openjdk-cygwin\jdk8u\hotspot\src\share\vm\prims\jni.cpp, line 709]
Event: 3007.985 Thread 0x000000001d0a9800 Exception <a 'sun/nio/fs/WindowsException'> (0x00000000ec88d3c0) thrown at [D:\src\AOSP-openjdk-cygwin\jdk8u\hotspot\src\share\vm\prims\jni.cpp, line 709]
Event: 3007.985 Thread 0x000000001d0a9800 Exception <a 'sun/nio/fs/WindowsException'> (0x00000000ec88efd8) thrown at [D:\src\AOSP-openjdk-cygwin\jdk8u\hotspot\src\share\vm\prims\jni.cpp, line 709]
Event: 3007.985 Thread 0x000000001d0a9800 Exception <a 'sun/nio/fs/WindowsException'> (0x00000000ec88fbf8) thrown at [D:\src\AOSP-openjdk-cygwin\jdk8u\hotspot\src\share\vm\prims\jni.cpp, line 709]
Event: 3007.985 Thread 0x000000001d0a9800 Exception <a 'sun/nio/fs/WindowsException'> (0x00000000ec892798) thrown at [D:\src\AOSP-openjdk-cygwin\jdk8u\hotspot\src\share\vm\prims\jni.cpp, line 709]
Event: 3007.985 Thread 0x000000001d0a9800 Exception <a 'sun/nio/fs/WindowsException'> (0x00000000ec8933f0) thrown at [D:\src\AOSP-openjdk-cygwin\jdk8u\hotspot\src\share\vm\prims\jni.cpp, line 709]
Event: 3007.985 Thread 0x000000001d0a9800 Exception <a 'sun/nio/fs/WindowsException'> (0x00000000ec895080) thrown at [D:\src\AOSP-openjdk-cygwin\jdk8u\hotspot\src\share\vm\prims\jni.cpp, line 709]
Event: 3007.985 Thread 0x000000001d0a9800 Exception <a 'sun/nio/fs/WindowsException'> (0x00000000ec895d18) thrown at [D:\src\AOSP-openjdk-cygwin\jdk8u\hotspot\src\share\vm\prims\jni.cpp, line 709]
Event: 3008.558 Thread 0x000000001d0a9800 Exception <a 'sun/nio/fs/WindowsException'> (0x00000000f06a4458) thrown at [D:\src\AOSP-openjdk-cygwin\jdk8u\hotspot\src\share\vm\prims\jni.cpp, line 709]

Events (10 events):
Event: 3145.045 Thread 0x000000001d0a9800 DEOPT PACKING pc=0x000000000804aa56 sp=0x00000000441dc340
Event: 3145.045 Thread 0x000000001d0a9800 DEOPT UNPACKING pc=0x0000000004b475d0 sp=0x00000000441dc158 mode 0
Event: 3145.045 Thread 0x000000001d0a9800 DEOPT PACKING pc=0x000000000804aa56 sp=0x00000000441dc340
Event: 3145.045 Thread 0x000000001d0a9800 DEOPT UNPACKING pc=0x0000000004b475d0 sp=0x00000000441dc158 mode 0
Event: 3145.046 Thread 0x000000001d0a9800 DEOPT PACKING pc=0x000000000804aa56 sp=0x00000000441dc340
Event: 3145.046 Thread 0x000000001d0a9800 DEOPT UNPACKING pc=0x0000000004b475d0 sp=0x00000000441dc158 mode 0
Event: 3145.346 Executing VM operation: ParallelGCFailedAllocation
Event: 3145.354 Executing VM operation: ParallelGCFailedAllocation done
Event: 3145.444 loading class com/android/apkzlib/zip/ExtraField$Segment
Event: 3145.444 loading class com/android/apkzlib/zip/ExtraField$Segment done


Dynamic libraries:
0x00007ff6af9a0000 - 0x00007ff6af9d1000 	C:\Program Files\Android\Android Studio\jre\bin\java.exe
0x00007ffcf61e0000 - 0x00007ffcf63c0000 	C:\WINDOWS\SYSTEM32\ntdll.dll
0x00007ffcf3e40000 - 0x00007ffcf3eee000 	C:\WINDOWS\System32\KERNEL32.DLL
0x00007ffcf3240000 - 0x00007ffcf34a6000 	C:\WINDOWS\System32\KERNELBASE.dll
0x00007ffcf46f0000 - 0x00007ffcf4791000 	C:\WINDOWS\System32\ADVAPI32.dll
0x00007ffcf3d20000 - 0x00007ffcf3dbd000 	C:\WINDOWS\System32\msvcrt.dll
0x00007ffcf3cc0000 - 0x00007ffcf3d1b000 	C:\WINDOWS\System32\sechost.dll
0x00007ffcf3b00000 - 0x00007ffcf3c1f000 	C:\WINDOWS\System32\RPCRT4.dll
0x00007ffcf3f80000 - 0x00007ffcf410f000 	C:\WINDOWS\System32\USER32.dll
0x00007ffcf3510000 - 0x00007ffcf3530000 	C:\WINDOWS\System32\win32u.dll
0x00007ffcf3ef0000 - 0x00007ffcf3f18000 	C:\WINDOWS\System32\GDI32.dll
0x00007ffcf2f00000 - 0x00007ffcf3093000 	C:\WINDOWS\System32\gdi32full.dll
0x00007ffcf31a0000 - 0x00007ffcf323b000 	C:\WINDOWS\System32\msvcp_win.dll
0x00007ffcf30a0000 - 0x00007ffcf3196000 	C:\WINDOWS\System32\ucrtbase.dll
0x00007ffce8740000 - 0x00007ffce89a9000 	C:\WINDOWS\WinSxS\amd64_microsoft.windows.common-controls_6595b64144ccf1df_6.0.16299.371_none_15c7d1789365a290\COMCTL32.dll
0x00007ffcf43d0000 - 0x00007ffcf46d8000 	C:\WINDOWS\System32\combase.dll
0x00007ffcf35e0000 - 0x00007ffcf3652000 	C:\WINDOWS\System32\bcryptPrimitives.dll
0x00007ffcf3c20000 - 0x00007ffcf3c4d000 	C:\WINDOWS\System32\IMM32.DLL
0x00000000666c0000 - 0x0000000066792000 	C:\Program Files\Android\Android Studio\jre\jre\bin\msvcr100.dll
0x0000000064e20000 - 0x000000006565f000 	C:\Program Files\Android\Android Studio\jre\jre\bin\server\jvm.dll
0x00007ffcf4800000 - 0x00007ffcf4808000 	C:\WINDOWS\System32\PSAPI.DLL
0x00007ffcf07e0000 - 0x00007ffcf0803000 	C:\WINDOWS\SYSTEM32\WINMM.dll
0x00007ffcedb20000 - 0x00007ffcedb29000 	C:\WINDOWS\SYSTEM32\WSOCK32.dll
0x00007ffce93b0000 - 0x00007ffce93ba000 	C:\WINDOWS\SYSTEM32\VERSION.dll
0x00007ffcf3c50000 - 0x00007ffcf3cbc000 	C:\WINDOWS\System32\WS2_32.dll
0x00007ffcf0790000 - 0x00007ffcf07ba000 	C:\WINDOWS\SYSTEM32\WINMMBASE.dll
0x00007ffcf3660000 - 0x00007ffcf36aa000 	C:\WINDOWS\System32\cfgmgr32.dll
0x00007ffced280000 - 0x00007ffced28f000 	C:\Program Files\Android\Android Studio\jre\jre\bin\verify.dll
0x00007ffce4e30000 - 0x00007ffce4e59000 	C:\Program Files\Android\Android Studio\jre\jre\bin\java.dll
0x00007ffce2ed0000 - 0x00007ffce2ee6000 	C:\Program Files\Android\Android Studio\jre\jre\bin\zip.dll
0x00007ffcf4c70000 - 0x00007ffcf60a6000 	C:\WINDOWS\System32\SHELL32.dll
0x00007ffcf4ba0000 - 0x00007ffcf4c46000 	C:\WINDOWS\System32\shcore.dll
0x00007ffcf27b0000 - 0x00007ffcf2ef7000 	C:\WINDOWS\System32\windows.storage.dll
0x00007ffcf6150000 - 0x00007ffcf61a1000 	C:\WINDOWS\System32\shlwapi.dll
0x00007ffcf25c0000 - 0x00007ffcf25d1000 	C:\WINDOWS\System32\kernel.appcore.dll
0x00007ffcf2530000 - 0x00007ffcf257c000 	C:\WINDOWS\System32\powrprof.dll
0x00007ffcf2580000 - 0x00007ffcf259b000 	C:\WINDOWS\System32\profapi.dll
0x00007ffce21a0000 - 0x00007ffce21ba000 	C:\Program Files\Android\Android Studio\jre\jre\bin\net.dll
0x00007ffcf1d60000 - 0x00007ffcf1dc6000 	C:\WINDOWS\system32\mswsock.dll
0x00007ffcd8850000 - 0x00007ffcd8861000 	C:\Program Files\Android\Android Studio\jre\jre\bin\nio.dll
0x00007ffce4e60000 - 0x00007ffce4e7e000 	C:\Users\Qirong\.gradle\native\23\windows-amd64\native-platform.dll
0x00007ffcf1f30000 - 0x00007ffcf1f47000 	C:\WINDOWS\SYSTEM32\CRYPTSP.dll
0x00007ffcf1960000 - 0x00007ffcf1993000 	C:\WINDOWS\system32\rsaenh.dll
0x00007ffcf2030000 - 0x00007ffcf2055000 	C:\WINDOWS\SYSTEM32\bcrypt.dll
0x00007ffcf2430000 - 0x00007ffcf2459000 	C:\WINDOWS\SYSTEM32\USERENV.dll
0x00007ffcf1f20000 - 0x00007ffcf1f2b000 	C:\WINDOWS\SYSTEM32\CRYPTBASE.dll
0x00007ffcf1af0000 - 0x00007ffcf1b29000 	C:\WINDOWS\SYSTEM32\IPHLPAPI.DLL
0x00007ffcf4810000 - 0x00007ffcf4818000 	C:\WINDOWS\System32\NSI.dll
0x00007ffcecbc0000 - 0x00007ffcecbd6000 	C:\WINDOWS\SYSTEM32\dhcpcsvc6.DLL
0x00007ffceccf0000 - 0x00007ffcecd0a000 	C:\WINDOWS\SYSTEM32\dhcpcsvc.DLL
0x00007ffce9700000 - 0x00007ffce970d000 	C:\Program Files\Android\Android Studio\jre\jre\bin\management.dll
0x00007ffcd5db0000 - 0x00007ffcd5dd4000 	C:\Program Files\Android\Android Studio\jre\jre\bin\sunec.dll
0x00007ffcf1b30000 - 0x00007ffcf1be6000 	C:\WINDOWS\SYSTEM32\DNSAPI.dll
0x00007ffceb450000 - 0x00007ffceb45a000 	C:\Windows\System32\rasadhlp.dll
0x00007ffceb750000 - 0x00007ffceb7c0000 	C:\WINDOWS\System32\fwpuclnt.dll
0x00007ffce8670000 - 0x00007ffce867b000 	C:\Program Files\Android\Android Studio\jre\jre\bin\sunmscapi.dll
0x00007ffcf25e0000 - 0x00007ffcf27ae000 	C:\WINDOWS\System32\CRYPT32.dll
0x00007ffcf25a0000 - 0x00007ffcf25b2000 	C:\WINDOWS\System32\MSASN1.dll
0x00007ffcf0ab0000 - 0x00007ffcf0b38000 	C:\WINDOWS\system32\apphelp.dll
0x00007ffcf1660000 - 0x00007ffcf1691000 	C:\WINDOWS\SYSTEM32\ntmarta.dll

VM Arguments:
jvm_args: -Xmx1536m -Dfile.encoding=x-windows-950 -Duser.country=TW -Duser.language=zh -Duser.variant 
java_command: org.gradle.launcher.daemon.bootstrap.GradleDaemon 3.3
java_class_path (initial): C:\Users\Qirong\.gradle\wrapper\dists\gradle-3.3-all\55gk2rcmfc6p2dg9u9ohc3hw9\gradle-3.3\lib\gradle-launcher-3.3.jar
Launcher Type: SUN_STANDARD

Environment Variables:
PATH=C:\Program Files (x86)\Google\Chrome\Application;C:\Program Files (x86)\Intel\iCLS Client\;C:\Program Files\Intel\iCLS Client\;C:\WINDOWS\system32;C:\WINDOWS;C:\WINDOWS\System32\Wbem;C:\WINDOWS\System32\WindowsPowerShell\v1.0\;C:\Program Files (x86)\Intel\Intel(R) Management Engine Components\DAL;C:\Program Files\Intel\Intel(R) Management Engine Components\DAL;C:\Program Files (x86)\Intel\Intel(R) Management Engine Components\IPT;C:\Program Files\Intel\Intel(R) Management Engine Components\IPT;C:\Program Files (x86)\NVIDIA Corporation\PhysX\Common;C:\Users\Qirong\AppData\Local\Microsoft\WindowsApps
USERNAME=Qirong
OS=Windows_NT
PROCESSOR_IDENTIFIER=Intel64 Family 6 Model 60 Stepping 3, GenuineIntel



---------------  S Y S T E M  ---------------

OS: Windows 10.0 , 64 bit Build 16299 (10.0.16299.15)

CPU:total 8 (initial active 8) (4 cores per cpu, 2 threads per core) family 6 model 60 stepping 3, cmov, cx8, fxsr, mmx, sse, sse2, sse3, ssse3, sse4.1, sse4.2, popcnt, avx, avx2, aes, clmul, erms, lzcnt, ht, tsc, tscinvbit, bmi1, bmi2

Memory: 4k page, physical 8274996k(1529124k free), swap 8274996k(5384k free)

vm_info: OpenJDK 64-Bit Server VM (25.152-b02) for windows-amd64 JRE (1.8.0_152-release-1024-b02), built by "builder" with MS VC++ 10.0 (VS2010)

time: Fri Apr 20 23:39:37 2018
elapsed time: 3145 seconds (0d 0h 52m 25s)

